<?xml version="1.0" encoding="UTF-8"?>
<testng-results skipped="0" failed="0" ignored="0" total="1" passed="1">
  <reporter-output>
  </reporter-output>
  <suite name="Default suite" duration-ms="35314" started-at="2020-08-28T04:38:27Z" finished-at="2020-08-28T04:39:02Z">
    <groups>
    </groups>
    <test name="Default test" duration-ms="35314" started-at="2020-08-28T04:38:27Z" finished-at="2020-08-28T04:39:02Z">
      <class name="boh.qa.automation.ofactkt.tests.AlertActionsPageTest">
        <test-method status="PASS" signature="setup()[pri:0, instance:boh.qa.automation.ofactkt.tests.AlertActionsPageTest@544fe44c]" name="setup" is-config="true" duration-ms="11234" started-at="2020-08-28T04:38:27Z" finished-at="2020-08-28T04:38:38Z">
          <reporter-output>
          </reporter-output>
        </test-method> <!-- setup -->
        <test-method status="PASS" signature="AlertActionsPageSetup()[pri:0, instance:boh.qa.automation.ofactkt.tests.AlertActionsPageTest@544fe44c]" name="AlertActionsPageSetup" is-config="true" duration-ms="37" started-at="2020-08-28T04:38:38Z" finished-at="2020-08-28T04:38:38Z">
          <reporter-output>
          </reporter-output>
        </test-method> <!-- AlertActionsPageSetup -->
        <test-method status="PASS" signature="verifyAlertActionsTest()[pri:0, instance:boh.qa.automation.ofactkt.tests.AlertActionsPageTest@544fe44c]" name="verifyAlertActionsTest" duration-ms="23886" started-at="2020-08-28T04:38:38Z" finished-at="2020-08-28T04:39:02Z">
          <reporter-output>
          </reporter-output>
        </test-method> <!-- verifyAlertActionsTest -->
        <test-method status="PASS" signature="tearDown()[pri:0, instance:boh.qa.automation.ofactkt.tests.AlertActionsPageTest@544fe44c]" name="tearDown" is-config="true" duration-ms="2" started-at="2020-08-28T04:39:02Z" finished-at="2020-08-28T04:39:02Z">
          <reporter-output>
          </reporter-output>
        </test-method> <!-- tearDown -->
      </class> <!-- boh.qa.automation.ofactkt.tests.AlertActionsPageTest -->
    </test> <!-- Default test -->
  </suite> <!-- Default suite -->
</testng-results>
